2023-05-31 07:28:52.338 +06:00 [DBG] Initializing Razor view compiler with compiled view: '/Areas/Admin/Views/Course/Index.cshtml'.
2023-05-31 07:28:52.387 +06:00 [DBG] Initializing Razor view compiler with compiled view: '/Areas/Admin/Views/Dashboard/Index.cshtml'.
2023-05-31 07:28:52.388 +06:00 [DBG] Initializing Razor view compiler with compiled view: '/Areas/Admin/Views/_ViewImports.cshtml'.
2023-05-31 07:28:52.388 +06:00 [DBG] Initializing Razor view compiler with compiled view: '/Areas/Admin/Views/_ViewStart.cshtml'.
2023-05-31 07:28:52.388 +06:00 [DBG] Initializing Razor view compiler with compiled view: '/Areas/Identity/Pages/_ViewStart.cshtml'.
2023-05-31 07:28:52.388 +06:00 [DBG] Initializing Razor view compiler with compiled view: '/Views/Home/Index.cshtml'.
2023-05-31 07:28:52.388 +06:00 [DBG] Initializing Razor view compiler with compiled view: '/Views/Home/Privacy.cshtml'.
2023-05-31 07:28:52.388 +06:00 [DBG] Initializing Razor view compiler with compiled view: '/Views/Shared/Error.cshtml'.
2023-05-31 07:28:52.388 +06:00 [DBG] Initializing Razor view compiler with compiled view: '/Views/Shared/_LoginPartial.cshtml'.
2023-05-31 07:28:52.388 +06:00 [DBG] Initializing Razor view compiler with compiled view: '/Views/Shared/_testPage.cshtml'.
2023-05-31 07:28:52.388 +06:00 [DBG] Initializing Razor view compiler with compiled view: '/Views/Shared/_ValidationScriptsPartial.cshtml'.
2023-05-31 07:28:52.388 +06:00 [DBG] Initializing Razor view compiler with compiled view: '/Views/_ViewImports.cshtml'.
2023-05-31 07:28:52.388 +06:00 [DBG] Initializing Razor view compiler with compiled view: '/Views/_ViewStart.cshtml'.
2023-05-31 07:28:52.388 +06:00 [DBG] Initializing Razor view compiler with compiled view: '/Areas/Admin/Views/Shared/_Layout.cshtml'.
2023-05-31 07:28:52.388 +06:00 [DBG] Initializing Razor view compiler with compiled view: '/Views/Shared/_Layout.cshtml'.
2023-05-31 07:28:52.388 +06:00 [DBG] Initializing Razor view compiler with compiled view: '/Areas/Identity/Pages/Account/AccessDenied.cshtml'.
2023-05-31 07:28:52.388 +06:00 [DBG] Initializing Razor view compiler with compiled view: '/Areas/Identity/Pages/Account/ConfirmEmail.cshtml'.
2023-05-31 07:28:52.388 +06:00 [DBG] Initializing Razor view compiler with compiled view: '/Areas/Identity/Pages/Account/ConfirmEmailChange.cshtml'.
2023-05-31 07:28:52.388 +06:00 [DBG] Initializing Razor view compiler with compiled view: '/Areas/Identity/Pages/Account/ExternalLogin.cshtml'.
2023-05-31 07:28:52.388 +06:00 [DBG] Initializing Razor view compiler with compiled view: '/Areas/Identity/Pages/Account/ForgotPassword.cshtml'.
2023-05-31 07:28:52.389 +06:00 [DBG] Initializing Razor view compiler with compiled view: '/Areas/Identity/Pages/Account/ForgotPasswordConfirmation.cshtml'.
2023-05-31 07:28:52.389 +06:00 [DBG] Initializing Razor view compiler with compiled view: '/Areas/Identity/Pages/Account/Lockout.cshtml'.
2023-05-31 07:28:52.389 +06:00 [DBG] Initializing Razor view compiler with compiled view: '/Areas/Identity/Pages/Account/Login.cshtml'.
2023-05-31 07:28:52.389 +06:00 [DBG] Initializing Razor view compiler with compiled view: '/Areas/Identity/Pages/Account/LoginWith2fa.cshtml'.
2023-05-31 07:28:52.389 +06:00 [DBG] Initializing Razor view compiler with compiled view: '/Areas/Identity/Pages/Account/LoginWithRecoveryCode.cshtml'.
2023-05-31 07:28:52.389 +06:00 [DBG] Initializing Razor view compiler with compiled view: '/Areas/Identity/Pages/Account/Logout.cshtml'.
2023-05-31 07:28:52.389 +06:00 [DBG] Initializing Razor view compiler with compiled view: '/Areas/Identity/Pages/Account/Manage/ChangePassword.cshtml'.
2023-05-31 07:28:52.389 +06:00 [DBG] Initializing Razor view compiler with compiled view: '/Areas/Identity/Pages/Account/Manage/DeletePersonalData.cshtml'.
2023-05-31 07:28:52.389 +06:00 [DBG] Initializing Razor view compiler with compiled view: '/Areas/Identity/Pages/Account/Manage/Disable2fa.cshtml'.
2023-05-31 07:28:52.389 +06:00 [DBG] Initializing Razor view compiler with compiled view: '/Areas/Identity/Pages/Account/Manage/DownloadPersonalData.cshtml'.
2023-05-31 07:28:52.389 +06:00 [DBG] Initializing Razor view compiler with compiled view: '/Areas/Identity/Pages/Account/Manage/Email.cshtml'.
2023-05-31 07:28:52.389 +06:00 [DBG] Initializing Razor view compiler with compiled view: '/Areas/Identity/Pages/Account/Manage/EnableAuthenticator.cshtml'.
2023-05-31 07:28:52.389 +06:00 [DBG] Initializing Razor view compiler with compiled view: '/Areas/Identity/Pages/Account/Manage/ExternalLogins.cshtml'.
2023-05-31 07:28:52.389 +06:00 [DBG] Initializing Razor view compiler with compiled view: '/Areas/Identity/Pages/Account/Manage/GenerateRecoveryCodes.cshtml'.
2023-05-31 07:28:52.389 +06:00 [DBG] Initializing Razor view compiler with compiled view: '/Areas/Identity/Pages/Account/Manage/Index.cshtml'.
2023-05-31 07:28:52.389 +06:00 [DBG] Initializing Razor view compiler with compiled view: '/Areas/Identity/Pages/Account/Manage/PersonalData.cshtml'.
2023-05-31 07:28:52.389 +06:00 [DBG] Initializing Razor view compiler with compiled view: '/Areas/Identity/Pages/Account/Manage/ResetAuthenticator.cshtml'.
2023-05-31 07:28:52.389 +06:00 [DBG] Initializing Razor view compiler with compiled view: '/Areas/Identity/Pages/Account/Manage/SetPassword.cshtml'.
2023-05-31 07:28:52.389 +06:00 [DBG] Initializing Razor view compiler with compiled view: '/Areas/Identity/Pages/Account/Manage/ShowRecoveryCodes.cshtml'.
2023-05-31 07:28:52.389 +06:00 [DBG] Initializing Razor view compiler with compiled view: '/Areas/Identity/Pages/Account/Manage/TwoFactorAuthentication.cshtml'.
2023-05-31 07:28:52.389 +06:00 [DBG] Initializing Razor view compiler with compiled view: '/Areas/Identity/Pages/Account/Manage/_Layout.cshtml'.
2023-05-31 07:28:52.389 +06:00 [DBG] Initializing Razor view compiler with compiled view: '/Areas/Identity/Pages/Account/Manage/_ManageNav.cshtml'.
2023-05-31 07:28:52.389 +06:00 [DBG] Initializing Razor view compiler with compiled view: '/Areas/Identity/Pages/Account/Manage/_StatusMessage.cshtml'.
2023-05-31 07:28:52.389 +06:00 [DBG] Initializing Razor view compiler with compiled view: '/Areas/Identity/Pages/Account/Manage/_ViewImports.cshtml'.
2023-05-31 07:28:52.389 +06:00 [DBG] Initializing Razor view compiler with compiled view: '/Areas/Identity/Pages/Account/Manage/_ViewStart.cshtml'.
2023-05-31 07:28:52.389 +06:00 [DBG] Initializing Razor view compiler with compiled view: '/Areas/Identity/Pages/Account/Register.cshtml'.
2023-05-31 07:28:52.389 +06:00 [DBG] Initializing Razor view compiler with compiled view: '/Areas/Identity/Pages/Account/RegisterConfirmation.cshtml'.
2023-05-31 07:28:52.389 +06:00 [DBG] Initializing Razor view compiler with compiled view: '/Areas/Identity/Pages/Account/ResendEmailConfirmation.cshtml'.
2023-05-31 07:28:52.389 +06:00 [DBG] Initializing Razor view compiler with compiled view: '/Areas/Identity/Pages/Account/ResetPassword.cshtml'.
2023-05-31 07:28:52.389 +06:00 [DBG] Initializing Razor view compiler with compiled view: '/Areas/Identity/Pages/Account/ResetPasswordConfirmation.cshtml'.
2023-05-31 07:28:52.389 +06:00 [DBG] Initializing Razor view compiler with compiled view: '/Areas/Identity/Pages/Account/_StatusMessage.cshtml'.
2023-05-31 07:28:52.389 +06:00 [DBG] Initializing Razor view compiler with compiled view: '/Areas/Identity/Pages/Account/_ViewImports.cshtml'.
2023-05-31 07:28:52.389 +06:00 [DBG] Initializing Razor view compiler with compiled view: '/Areas/Identity/Pages/Error.cshtml'.
2023-05-31 07:28:52.389 +06:00 [DBG] Initializing Razor view compiler with compiled view: '/Areas/Identity/Pages/_Layout.cshtml'.
2023-05-31 07:28:52.389 +06:00 [DBG] Initializing Razor view compiler with compiled view: '/Areas/Identity/Pages/_ValidationScriptsPartial.cshtml'.
2023-05-31 07:28:52.389 +06:00 [DBG] Initializing Razor view compiler with compiled view: '/Areas/Identity/Pages/_ViewImports.cshtml'.
2023-05-31 07:28:52.389 +06:00 [DBG] Initializing Razor view compiler with compiled view: '/Areas/Identity/Pages/_ViewStart.cshtml'.
2023-05-31 07:28:52.426 +06:00 [DBG] Registered model binder providers, in the following order: ["Microsoft.AspNetCore.Mvc.ModelBinding.Binders.BinderTypeModelBinderProvider","Microsoft.AspNetCore.Mvc.ModelBinding.Binders.ServicesModelBinderProvider","Microsoft.AspNetCore.Mvc.ModelBinding.Binders.BodyModelBinderProvider","Microsoft.AspNetCore.Mvc.ModelBinding.Binders.HeaderModelBinderProvider","Microsoft.AspNetCore.Mvc.ModelBinding.Binders.FloatingPointTypeModelBinderProvider","Microsoft.AspNetCore.Mvc.ModelBinding.Binders.EnumTypeModelBinderProvider","Microsoft.AspNetCore.Mvc.ModelBinding.Binders.DateTimeModelBinderProvider","Microsoft.AspNetCore.Mvc.ModelBinding.Binders.TryParseModelBinderProvider","Microsoft.AspNetCore.Mvc.ModelBinding.Binders.SimpleTypeModelBinderProvider","Microsoft.AspNetCore.Mvc.ModelBinding.Binders.CancellationTokenModelBinderProvider","Microsoft.AspNetCore.Mvc.ModelBinding.Binders.ByteArrayModelBinderProvider","Microsoft.AspNetCore.Mvc.ModelBinding.Binders.FormFileModelBinderProvider","Microsoft.AspNetCore.Mvc.ModelBinding.Binders.FormCollectionModelBinderProvider","Microsoft.AspNetCore.Mvc.ModelBinding.Binders.KeyValuePairModelBinderProvider","Microsoft.AspNetCore.Mvc.ModelBinding.Binders.DictionaryModelBinderProvider","Microsoft.AspNetCore.Mvc.ModelBinding.Binders.ArrayModelBinderProvider","Microsoft.AspNetCore.Mvc.ModelBinding.Binders.CollectionModelBinderProvider","Microsoft.AspNetCore.Mvc.ModelBinding.Binders.ComplexObjectModelBinderProvider"]
2023-05-31 07:28:52.563 +06:00 [INF] User profile is available. Using 'C:\Users\Borha\AppData\Local\ASP.NET\DataProtection-Keys' as key repository and Windows DPAPI to encrypt keys at rest.
2023-05-31 07:28:56.930 +06:00 [DBG] Hosting starting
2023-05-31 07:28:57.000 +06:00 [DBG] Reading data from file 'C:\Users\Borha\AppData\Local\ASP.NET\DataProtection-Keys\key-be442c7d-3534-4b37-95dd-f93521decb0a.xml'.
2023-05-31 07:28:57.182 +06:00 [DBG] Reading data from file 'C:\Users\Borha\AppData\Local\ASP.NET\DataProtection-Keys\key-beb769e2-ba26-4fa3-9f8a-28ba91819e25.xml'.
2023-05-31 07:28:57.349 +06:00 [DBG] Found key {be442c7d-3534-4b37-95dd-f93521decb0a}.
2023-05-31 07:28:57.366 +06:00 [DBG] Found key {beb769e2-ba26-4fa3-9f8a-28ba91819e25}.
2023-05-31 07:28:57.444 +06:00 [DBG] Considering key {beb769e2-ba26-4fa3-9f8a-28ba91819e25} with expiration date 2023-08-09 01:53:34Z as default key.
2023-05-31 07:28:57.451 +06:00 [DBG] Forwarded activator type request from Microsoft.AspNetCore.DataProtection.XmlEncryption.DpapiXmlDecryptor, Microsoft.AspNetCore.DataProtection, Version=7.0.0.0, Culture=neutral, PublicKeyToken=adb9793829ddae60 to Microsoft.AspNetCore.DataProtection.XmlEncryption.DpapiXmlDecryptor, Microsoft.AspNetCore.DataProtection, Culture=neutral, PublicKeyToken=adb9793829ddae60
2023-05-31 07:28:57.455 +06:00 [DBG] Decrypting secret element using Windows DPAPI.
2023-05-31 07:28:57.460 +06:00 [DBG] Forwarded activator type request from Microsoft.AspNetCore.DataProtection.AuthenticatedEncryption.ConfigurationModel.AuthenticatedEncryptorDescriptorDeserializer, Microsoft.AspNetCore.DataProtection, Version=7.0.0.0, Culture=neutral, PublicKeyToken=adb9793829ddae60 to Microsoft.AspNetCore.DataProtection.AuthenticatedEncryption.ConfigurationModel.AuthenticatedEncryptorDescriptorDeserializer, Microsoft.AspNetCore.DataProtection, Culture=neutral, PublicKeyToken=adb9793829ddae60
2023-05-31 07:28:57.466 +06:00 [DBG] Opening CNG algorithm 'AES' from provider 'null' with chaining mode CBC.
2023-05-31 07:28:57.530 +06:00 [DBG] Opening CNG algorithm 'SHA256' from provider 'null' with HMAC.
2023-05-31 07:28:57.538 +06:00 [DBG] Using key {beb769e2-ba26-4fa3-9f8a-28ba91819e25} as the default key.
2023-05-31 07:28:57.540 +06:00 [DBG] Key ring with default key {beb769e2-ba26-4fa3-9f8a-28ba91819e25} was loaded during application startup.
2023-05-31 07:28:58.427 +06:00 [INF] Now listening on: http://localhost:5225
2023-05-31 07:28:58.427 +06:00 [DBG] Loaded hosting startup assembly CRUD.Web
2023-05-31 07:28:58.428 +06:00 [DBG] Loaded hosting startup assembly Microsoft.AspNetCore.Watch.BrowserRefresh
2023-05-31 07:28:58.428 +06:00 [DBG] Loaded hosting startup assembly Microsoft.WebTools.BrowserLink.Net
2023-05-31 07:28:58.428 +06:00 [INF] Application started. Press Ctrl+C to shut down.
2023-05-31 07:28:58.428 +06:00 [INF] Hosting environment: Development
2023-05-31 07:28:58.428 +06:00 [INF] Content root path: F:\crud\Asp.net-MVC-CRUD-with-D.D.D\Asp.net MVC CRUD with D.D.D\CRUD.Web
2023-05-31 07:28:58.428 +06:00 [DBG] Hosting started
2023-05-31 07:28:58.671 +06:00 [DBG] Connection id "0HMR1EPK4I0OC" accepted.
2023-05-31 07:28:58.672 +06:00 [DBG] Connection id "0HMR1EPK4I0OC" started.
2023-05-31 07:28:58.750 +06:00 [DBG] Connection id "0HMR1EPK4I0OD" accepted.
2023-05-31 07:28:58.752 +06:00 [DBG] Connection id "0HMR1EPK4I0OD" started.
